2021-10-24 11:13:42,427 INFO  [main] com.nekromant.notification.ZooNotificationApplication : Starting ZooNotificationApplication using Java 15 on DESKTOP-CH92BC2 with PID 10748 (C:\Users\Пользователь\OneDrive\Рабочий стол\hzcode\project\zoo-notification\target\classes started by Пользователь in C:\Users\Пользователь\OneDrive\Рабочий стол\hzcode\project\zoo-notification)
2021-10-24 11:13:42,436 INFO  [main] com.nekromant.notification.ZooNotificationApplication : The following profiles are active: dev
2021-10-24 11:13:43,260 INFO  [main] org.springframework.data.repository.config.RepositoryConfigurationDelegate : Bootstrapping Spring Data JPA repositories in DEFAULT mode.
2021-10-24 11:13:43,283 INFO  [main] org.springframework.data.repository.config.RepositoryConfigurationDelegate : Finished Spring Data repository scanning in 10 ms. Found 0 JPA repository interfaces.
2021-10-24 11:13:43,961 INFO  [main] org.springframework.boot.web.embedded.tomcat.TomcatWebServer : Tomcat initialized with port(s): 6061 (http)
2021-10-24 11:13:43,969 INFO  [main] org.apache.catalina.core.StandardService : Starting service [Tomcat]
2021-10-24 11:13:43,969 INFO  [main] org.apache.catalina.core.StandardEngine : Starting Servlet engine: [Apache Tomcat/9.0.45]
2021-10-24 11:13:44,153 INFO  [main] org.apache.catalina.core.ContainerBase.[Tomcat].[localhost].[/] : Initializing Spring embedded WebApplicationContext
2021-10-24 11:13:44,153 INFO  [main] org.springframework.boot.web.servlet.context.ServletWebServerApplicationContext : Root WebApplicationContext: initialization completed in 1641 ms
2021-10-24 11:13:44,699 INFO  [main] com.zaxxer.hikari.HikariDataSource : HikariPool-1 - Starting...
2021-10-24 11:13:44,830 INFO  [main] com.zaxxer.hikari.HikariDataSource : HikariPool-1 - Start completed.
2021-10-24 11:13:45,236 INFO  [main] org.springframework.orm.jpa.LocalContainerEntityManagerFactoryBean : Initialized JPA EntityManagerFactory for persistence unit 'default'
2021-10-24 11:13:45,330 WARN  [main] org.springframework.boot.web.servlet.context.AnnotationConfigServletWebServerApplicationContext : Exception encountered during context initialization - cancelling refresh attempt: org.springframework.beans.factory.UnsatisfiedDependencyException: Error creating bean with name 'notificationRestController': Unsatisfied dependency expressed through field 'notificationService'; nested exception is org.springframework.beans.factory.UnsatisfiedDependencyException: Error creating bean with name 'notificationService': Unsatisfied dependency expressed through field 'smscService'; nested exception is org.springframework.beans.factory.NoUniqueBeanDefinitionException: No qualifying bean of type 'com.nekromant.notification.service.SMSCService' available: expected single matching bean but found 2: SMSCServiceImpl,SMSCServiceMock
2021-10-24 11:13:45,330 INFO  [main] org.springframework.orm.jpa.LocalContainerEntityManagerFactoryBean : Closing JPA EntityManagerFactory for persistence unit 'default'
2021-10-24 11:13:45,334 INFO  [main] com.zaxxer.hikari.HikariDataSource : HikariPool-1 - Shutdown initiated...
2021-10-24 11:13:45,337 INFO  [main] com.zaxxer.hikari.HikariDataSource : HikariPool-1 - Shutdown completed.
2021-10-24 11:13:45,339 INFO  [main] org.apache.catalina.core.StandardService : Stopping service [Tomcat]
2021-10-24 11:13:45,353 INFO  [main] org.springframework.boot.autoconfigure.logging.ConditionEvaluationReportLoggingListener : 

Error starting ApplicationContext. To display the conditions report re-run your application with 'debug' enabled.
2021-10-24 11:13:45,370 ERROR [main] org.springframework.boot.diagnostics.LoggingFailureAnalysisReporter : 

***************************
APPLICATION FAILED TO START
***************************

Description:

Field smscService in com.nekromant.notification.service.impl.NotificationService required a single bean, but 2 were found:
	- SMSCServiceImpl: defined in file [C:\Users\Пользователь\OneDrive\Рабочий стол\hzcode\project\zoo-notification\target\classes\com\nekromant\notification\service\impl\SMSCServiceImpl.class]
	- SMSCServiceMock: defined in file [C:\Users\Пользователь\OneDrive\Рабочий стол\hzcode\project\zoo-notification\target\classes\com\nekromant\notification\service\mock\SMSCServiceMock.class]


Action:

Consider marking one of the beans as @Primary, updating the consumer to accept multiple beans, or using @Qualifier to identify the bean that should be consumed

2021-10-24 11:14:12,864 INFO  [main] com.nekromant.notification.ZooNotificationApplication : Starting ZooNotificationApplication using Java 15 on DESKTOP-CH92BC2 with PID 13228 (C:\Users\Пользователь\OneDrive\Рабочий стол\hzcode\project\zoo-notification\target\classes started by Пользователь in C:\Users\Пользователь\OneDrive\Рабочий стол\hzcode\project\zoo-notification)
2021-10-24 11:14:12,869 INFO  [main] com.nekromant.notification.ZooNotificationApplication : The following profiles are active: dev
2021-10-24 11:14:13,833 INFO  [main] org.springframework.data.repository.config.RepositoryConfigurationDelegate : Bootstrapping Spring Data JPA repositories in DEFAULT mode.
2021-10-24 11:14:13,865 INFO  [main] org.springframework.data.repository.config.RepositoryConfigurationDelegate : Finished Spring Data repository scanning in 16 ms. Found 0 JPA repository interfaces.
2021-10-24 11:14:14,444 INFO  [main] org.springframework.boot.web.embedded.tomcat.TomcatWebServer : Tomcat initialized with port(s): 6061 (http)
2021-10-24 11:14:14,452 INFO  [main] org.apache.catalina.core.StandardService : Starting service [Tomcat]
2021-10-24 11:14:14,452 INFO  [main] org.apache.catalina.core.StandardEngine : Starting Servlet engine: [Apache Tomcat/9.0.45]
2021-10-24 11:14:14,716 INFO  [main] org.apache.catalina.core.ContainerBase.[Tomcat].[localhost].[/] : Initializing Spring embedded WebApplicationContext
2021-10-24 11:14:14,716 INFO  [main] org.springframework.boot.web.servlet.context.ServletWebServerApplicationContext : Root WebApplicationContext: initialization completed in 1772 ms
2021-10-24 11:14:15,182 INFO  [main] com.zaxxer.hikari.HikariDataSource : HikariPool-1 - Starting...
2021-10-24 11:14:15,319 INFO  [main] com.zaxxer.hikari.HikariDataSource : HikariPool-1 - Start completed.
2021-10-24 11:14:15,549 INFO  [main] org.springframework.orm.jpa.LocalContainerEntityManagerFactoryBean : Initialized JPA EntityManagerFactory for persistence unit 'default'
2021-10-24 11:14:15,638 WARN  [main] org.springframework.boot.autoconfigure.orm.jpa.JpaBaseConfiguration$JpaWebConfiguration : spring.jpa.open-in-view is enabled by default. Therefore, database queries may be performed during view rendering. Explicitly configure spring.jpa.open-in-view to disable this warning
2021-10-24 11:14:15,746 INFO  [main] org.springframework.scheduling.concurrent.ThreadPoolTaskExecutor : Initializing ExecutorService 'applicationTaskExecutor'
2021-10-24 11:14:15,983 INFO  [main] org.springframework.boot.web.embedded.tomcat.TomcatWebServer : Tomcat started on port(s): 6061 (http) with context path ''
2021-10-24 11:14:15,994 INFO  [main] com.nekromant.notification.ZooNotificationApplication : Started ZooNotificationApplication in 3.727 seconds (JVM running for 4.616)
2021-10-24 11:14:21,689 INFO  [http-nio-127.0.0.1-6061-exec-1] org.apache.catalina.core.ContainerBase.[Tomcat].[localhost].[/] : Initializing Spring DispatcherServlet 'dispatcherServlet'
2021-10-24 11:15:15,751 INFO  [main] com.nekromant.notification.ZooNotificationApplication : Starting ZooNotificationApplication using Java 15 on DESKTOP-CH92BC2 with PID 14292 (C:\Users\Пользователь\OneDrive\Рабочий стол\hzcode\project\zoo-notification\target\classes started by Пользователь in C:\Users\Пользователь\OneDrive\Рабочий стол\hzcode\project\zoo-notification)
2021-10-24 11:15:15,754 INFO  [main] com.nekromant.notification.ZooNotificationApplication : The following profiles are active: dev
2021-10-24 11:15:16,615 INFO  [main] org.springframework.data.repository.config.RepositoryConfigurationDelegate : Bootstrapping Spring Data JPA repositories in DEFAULT mode.
2021-10-24 11:15:16,635 INFO  [main] org.springframework.data.repository.config.RepositoryConfigurationDelegate : Finished Spring Data repository scanning in 9 ms. Found 0 JPA repository interfaces.
2021-10-24 11:15:17,263 INFO  [main] org.springframework.boot.web.embedded.tomcat.TomcatWebServer : Tomcat initialized with port(s): 6061 (http)
2021-10-24 11:15:17,269 INFO  [main] org.apache.catalina.core.StandardService : Starting service [Tomcat]
2021-10-24 11:15:17,269 INFO  [main] org.apache.catalina.core.StandardEngine : Starting Servlet engine: [Apache Tomcat/9.0.45]
2021-10-24 11:15:17,469 INFO  [main] org.apache.catalina.core.ContainerBase.[Tomcat].[localhost].[/] : Initializing Spring embedded WebApplicationContext
2021-10-24 11:15:17,470 INFO  [main] org.springframework.boot.web.servlet.context.ServletWebServerApplicationContext : Root WebApplicationContext: initialization completed in 1644 ms
2021-10-24 11:15:18,081 INFO  [main] com.zaxxer.hikari.HikariDataSource : HikariPool-1 - Starting...
2021-10-24 11:15:18,235 INFO  [main] com.zaxxer.hikari.HikariDataSource : HikariPool-1 - Start completed.
2021-10-24 11:15:18,521 INFO  [main] org.springframework.orm.jpa.LocalContainerEntityManagerFactoryBean : Initialized JPA EntityManagerFactory for persistence unit 'default'
2021-10-24 11:15:18,650 WARN  [main] org.springframework.boot.autoconfigure.orm.jpa.JpaBaseConfiguration$JpaWebConfiguration : spring.jpa.open-in-view is enabled by default. Therefore, database queries may be performed during view rendering. Explicitly configure spring.jpa.open-in-view to disable this warning
2021-10-24 11:15:18,789 INFO  [main] org.springframework.scheduling.concurrent.ThreadPoolTaskExecutor : Initializing ExecutorService 'applicationTaskExecutor'
2021-10-24 11:15:19,008 INFO  [main] org.springframework.boot.web.embedded.tomcat.TomcatWebServer : Tomcat started on port(s): 6061 (http) with context path ''
2021-10-24 11:15:19,021 INFO  [main] com.nekromant.notification.ZooNotificationApplication : Started ZooNotificationApplication in 3.816 seconds (JVM running for 4.661)
2021-10-24 11:15:21,830 INFO  [http-nio-127.0.0.1-6061-exec-1] org.apache.catalina.core.ContainerBase.[Tomcat].[localhost].[/] : Initializing Spring DispatcherServlet 'dispatcherServlet'
2021-10-24 11:17:44,498 INFO  [main] com.nekromant.notification.ZooNotificationApplication : Starting ZooNotificationApplication using Java 15 on DESKTOP-CH92BC2 with PID 15896 (C:\Users\Пользователь\OneDrive\Рабочий стол\hzcode\project\zoo-notification\target\classes started by Пользователь in C:\Users\Пользователь\OneDrive\Рабочий стол\hzcode\project\zoo-notification)
2021-10-24 11:17:44,501 INFO  [main] com.nekromant.notification.ZooNotificationApplication : The following profiles are active: prod
2021-10-24 11:17:45,090 INFO  [main] org.springframework.data.repository.config.RepositoryConfigurationDelegate : Bootstrapping Spring Data JPA repositories in DEFAULT mode.
2021-10-24 11:17:45,104 INFO  [main] org.springframework.data.repository.config.RepositoryConfigurationDelegate : Finished Spring Data repository scanning in 7 ms. Found 0 JPA repository interfaces.
2021-10-24 11:17:45,467 INFO  [main] org.springframework.boot.web.embedded.tomcat.TomcatWebServer : Tomcat initialized with port(s): 6061 (http)
2021-10-24 11:17:45,474 INFO  [main] org.apache.catalina.core.StandardService : Starting service [Tomcat]
2021-10-24 11:17:45,474 INFO  [main] org.apache.catalina.core.StandardEngine : Starting Servlet engine: [Apache Tomcat/9.0.45]
2021-10-24 11:17:45,603 INFO  [main] org.apache.catalina.core.ContainerBase.[Tomcat].[localhost].[/] : Initializing Spring embedded WebApplicationContext
2021-10-24 11:17:45,603 INFO  [main] org.springframework.boot.web.servlet.context.ServletWebServerApplicationContext : Root WebApplicationContext: initialization completed in 1042 ms
2021-10-24 11:17:45,711 INFO  [main] com.zaxxer.hikari.HikariDataSource : HikariPool-1 - Starting...
2021-10-24 11:17:45,793 INFO  [main] com.zaxxer.hikari.HikariDataSource : HikariPool-1 - Start completed.
2021-10-24 11:17:46,178 INFO  [main] org.springframework.orm.jpa.LocalContainerEntityManagerFactoryBean : Initialized JPA EntityManagerFactory for persistence unit 'default'
2021-10-24 11:17:46,201 WARN  [main] org.springframework.boot.web.servlet.context.AnnotationConfigServletWebServerApplicationContext : Exception encountered during context initialization - cancelling refresh attempt: org.springframework.beans.factory.BeanCreationException: Error creating bean with name 'mailSenderConfig': Injection of autowired dependencies failed; nested exception is java.lang.IllegalArgumentException: Could not resolve placeholder 'EMAIL_LOGIN' in value "${EMAIL_LOGIN}"
2021-10-24 11:17:46,202 INFO  [main] org.springframework.orm.jpa.LocalContainerEntityManagerFactoryBean : Closing JPA EntityManagerFactory for persistence unit 'default'
2021-10-24 11:17:46,205 INFO  [main] com.zaxxer.hikari.HikariDataSource : HikariPool-1 - Shutdown initiated...
2021-10-24 11:17:46,207 INFO  [main] com.zaxxer.hikari.HikariDataSource : HikariPool-1 - Shutdown completed.
2021-10-24 11:17:46,208 INFO  [main] org.apache.catalina.core.StandardService : Stopping service [Tomcat]
2021-10-24 11:17:46,216 INFO  [main] org.springframework.boot.autoconfigure.logging.ConditionEvaluationReportLoggingListener : 

Error starting ApplicationContext. To display the conditions report re-run your application with 'debug' enabled.
2021-10-24 11:17:46,242 ERROR [main] org.springframework.boot.SpringApplication : Application run failed
org.springframework.beans.factory.BeanCreationException: Error creating bean with name 'mailSenderConfig': Injection of autowired dependencies failed; nested exception is java.lang.IllegalArgumentException: Could not resolve placeholder 'EMAIL_LOGIN' in value "${EMAIL_LOGIN}"
	at org.springframework.beans.factory.annotation.AutowiredAnnotationBeanPostProcessor.postProcessProperties(AutowiredAnnotationBeanPostProcessor.java:405)
	at org.springframework.beans.factory.support.AbstractAutowireCapableBeanFactory.populateBean(AbstractAutowireCapableBeanFactory.java:1413)
	at org.springframework.beans.factory.support.AbstractAutowireCapableBeanFactory.doCreateBean(AbstractAutowireCapableBeanFactory.java:601)
	at org.springframework.beans.factory.support.AbstractAutowireCapableBeanFactory.createBean(AbstractAutowireCapableBeanFactory.java:524)
	at org.springframework.beans.factory.support.AbstractBeanFactory.lambda$doGetBean$0(AbstractBeanFactory.java:335)
	at org.springframework.beans.factory.support.DefaultSingletonBeanRegistry.getSingleton(DefaultSingletonBeanRegistry.java:234)
	at org.springframework.beans.factory.support.AbstractBeanFactory.doGetBean(AbstractBeanFactory.java:333)
	at org.springframework.beans.factory.support.AbstractBeanFactory.getBean(AbstractBeanFactory.java:208)
	at org.springframework.beans.factory.support.DefaultListableBeanFactory.preInstantiateSingletons(DefaultListableBeanFactory.java:944)
	at org.springframework.context.support.AbstractApplicationContext.finishBeanFactoryInitialization(AbstractApplicationContext.java:918)
	at org.springframework.context.support.AbstractApplicationContext.refresh(AbstractApplicationContext.java:583)
	at org.springframework.boot.web.servlet.context.ServletWebServerApplicationContext.refresh(ServletWebServerApplicationContext.java:144)
	at org.springframework.boot.SpringApplication.refresh(SpringApplication.java:782)
	at org.springframework.boot.SpringApplication.refresh(SpringApplication.java:774)
	at org.springframework.boot.SpringApplication.refreshContext(SpringApplication.java:439)
	at org.springframework.boot.SpringApplication.run(SpringApplication.java:339)
	at org.springframework.boot.SpringApplication.run(SpringApplication.java:1340)
	at org.springframework.boot.SpringApplication.run(SpringApplication.java:1329)
	at com.nekromant.notification.ZooNotificationApplication.main(ZooNotificationApplication.java:13)
Caused by: java.lang.IllegalArgumentException: Could not resolve placeholder 'EMAIL_LOGIN' in value "${EMAIL_LOGIN}"
	at org.springframework.util.PropertyPlaceholderHelper.parseStringValue(PropertyPlaceholderHelper.java:178)
	at org.springframework.util.PropertyPlaceholderHelper.replacePlaceholders(PropertyPlaceholderHelper.java:124)
	at org.springframework.core.env.AbstractPropertyResolver.doResolvePlaceholders(AbstractPropertyResolver.java:239)
	at org.springframework.core.env.AbstractPropertyResolver.resolveRequiredPlaceholders(AbstractPropertyResolver.java:210)
	at org.springframework.core.env.AbstractPropertyResolver.resolveNestedPlaceholders(AbstractPropertyResolver.java:230)
	at org.springframework.core.env.PropertySourcesPropertyResolver.getProperty(PropertySourcesPropertyResolver.java:88)
	at org.springframework.core.env.PropertySourcesPropertyResolver.getProperty(PropertySourcesPropertyResolver.java:62)
	at org.springframework.core.env.AbstractEnvironment.getProperty(AbstractEnvironment.java:588)
	at org.springframework.context.support.PropertySourcesPlaceholderConfigurer$1.getProperty(PropertySourcesPlaceholderConfigurer.java:137)
	at org.springframework.context.support.PropertySourcesPlaceholderConfigurer$1.getProperty(PropertySourcesPlaceholderConfigurer.java:133)
	at org.springframework.core.env.PropertySourcesPropertyResolver.getProperty(PropertySourcesPropertyResolver.java:85)
	at org.springframework.core.env.PropertySourcesPropertyResolver.getPropertyAsRawString(PropertySourcesPropertyResolver.java:74)
	at org.springframework.util.PropertyPlaceholderHelper.parseStringValue(PropertyPlaceholderHelper.java:151)
	at org.springframework.util.PropertyPlaceholderHelper.replacePlaceholders(PropertyPlaceholderHelper.java:124)
	at org.springframework.core.env.AbstractPropertyResolver.doResolvePlaceholders(AbstractPropertyResolver.java:239)
	at org.springframework.core.env.AbstractPropertyResolver.resolveRequiredPlaceholders(AbstractPropertyResolver.java:210)
	at org.springframework.context.support.PropertySourcesPlaceholderConfigurer.lambda$processProperties$0(PropertySourcesPlaceholderConfigurer.java:175)
	at org.springframework.beans.factory.support.AbstractBeanFactory.resolveEmbeddedValue(AbstractBeanFactory.java:936)
	at org.springframework.beans.factory.support.DefaultListableBeanFactory.doResolveDependency(DefaultListableBeanFactory.java:1321)
	at org.springframework.beans.factory.support.DefaultListableBeanFactory.resolveDependency(DefaultListableBeanFactory.java:1300)
	at org.springframework.beans.factory.annotation.AutowiredAnnotationBeanPostProcessor$AutowiredFieldElement.resolveFieldValue(AutowiredAnnotationBeanPostProcessor.java:657)
	at org.springframework.beans.factory.annotation.AutowiredAnnotationBeanPostProcessor$AutowiredFieldElement.inject(AutowiredAnnotationBeanPostProcessor.java:640)
	at org.springframework.beans.factory.annotation.InjectionMetadata.inject(InjectionMetadata.java:119)
	at org.springframework.beans.factory.annotation.AutowiredAnnotationBeanPostProcessor.postProcessProperties(AutowiredAnnotationBeanPostProcessor.java:399)
	... 18 common frames omitted
2021-10-24 11:18:02,429 INFO  [main] com.nekromant.notification.ZooNotificationApplication : Starting ZooNotificationApplication using Java 15 on DESKTOP-CH92BC2 with PID 6368 (C:\Users\Пользователь\OneDrive\Рабочий стол\hzcode\project\zoo-notification\target\classes started by Пользователь in C:\Users\Пользователь\OneDrive\Рабочий стол\hzcode\project\zoo-notification)
2021-10-24 11:18:02,433 INFO  [main] com.nekromant.notification.ZooNotificationApplication : The following profiles are active: dev
2021-10-24 11:18:03,021 INFO  [main] org.springframework.data.repository.config.RepositoryConfigurationDelegate : Bootstrapping Spring Data JPA repositories in DEFAULT mode.
2021-10-24 11:18:03,035 INFO  [main] org.springframework.data.repository.config.RepositoryConfigurationDelegate : Finished Spring Data repository scanning in 7 ms. Found 0 JPA repository interfaces.
2021-10-24 11:18:03,403 INFO  [main] org.springframework.boot.web.embedded.tomcat.TomcatWebServer : Tomcat initialized with port(s): 6061 (http)
2021-10-24 11:18:03,410 INFO  [main] org.apache.catalina.core.StandardService : Starting service [Tomcat]
2021-10-24 11:18:03,410 INFO  [main] org.apache.catalina.core.StandardEngine : Starting Servlet engine: [Apache Tomcat/9.0.45]
2021-10-24 11:18:03,523 INFO  [main] org.apache.catalina.core.ContainerBase.[Tomcat].[localhost].[/] : Initializing Spring embedded WebApplicationContext
2021-10-24 11:18:03,523 INFO  [main] org.springframework.boot.web.servlet.context.ServletWebServerApplicationContext : Root WebApplicationContext: initialization completed in 1033 ms
2021-10-24 11:18:03,835 INFO  [main] com.zaxxer.hikari.HikariDataSource : HikariPool-1 - Starting...
2021-10-24 11:18:03,910 INFO  [main] com.zaxxer.hikari.HikariDataSource : HikariPool-1 - Start completed.
2021-10-24 11:18:04,076 INFO  [main] org.springframework.orm.jpa.LocalContainerEntityManagerFactoryBean : Initialized JPA EntityManagerFactory for persistence unit 'default'
2021-10-24 11:18:04,144 WARN  [main] org.springframework.boot.autoconfigure.orm.jpa.JpaBaseConfiguration$JpaWebConfiguration : spring.jpa.open-in-view is enabled by default. Therefore, database queries may be performed during view rendering. Explicitly configure spring.jpa.open-in-view to disable this warning
2021-10-24 11:18:04,234 INFO  [main] org.springframework.scheduling.concurrent.ThreadPoolTaskExecutor : Initializing ExecutorService 'applicationTaskExecutor'
2021-10-24 11:18:04,391 INFO  [main] org.springframework.boot.web.embedded.tomcat.TomcatWebServer : Tomcat started on port(s): 6061 (http) with context path ''
2021-10-24 11:18:04,399 INFO  [main] com.nekromant.notification.ZooNotificationApplication : Started ZooNotificationApplication in 2.357 seconds (JVM running for 2.975)
2021-10-24 11:18:09,149 INFO  [http-nio-127.0.0.1-6061-exec-1] org.apache.catalina.core.ContainerBase.[Tomcat].[localhost].[/] : Initializing Spring DispatcherServlet 'dispatcherServlet'
2021-10-24 11:18:55,298 INFO  [main] com.nekromant.notification.ZooNotificationApplication : Starting ZooNotificationApplication using Java 15 on DESKTOP-CH92BC2 with PID 8220 (C:\Users\Пользователь\OneDrive\Рабочий стол\hzcode\project\zoo-notification\target\classes started by Пользователь in C:\Users\Пользователь\OneDrive\Рабочий стол\hzcode\project\zoo-notification)
2021-10-24 11:18:55,301 INFO  [main] com.nekromant.notification.ZooNotificationApplication : The following profiles are active: dev
2021-10-24 11:18:55,953 INFO  [main] org.springframework.data.repository.config.RepositoryConfigurationDelegate : Bootstrapping Spring Data JPA repositories in DEFAULT mode.
2021-10-24 11:18:55,967 INFO  [main] org.springframework.data.repository.config.RepositoryConfigurationDelegate : Finished Spring Data repository scanning in 6 ms. Found 0 JPA repository interfaces.
2021-10-24 11:18:56,341 INFO  [main] org.springframework.boot.web.embedded.tomcat.TomcatWebServer : Tomcat initialized with port(s): 6061 (http)
2021-10-24 11:18:56,348 INFO  [main] org.apache.catalina.core.StandardService : Starting service [Tomcat]
2021-10-24 11:18:56,348 INFO  [main] org.apache.catalina.core.StandardEngine : Starting Servlet engine: [Apache Tomcat/9.0.45]
2021-10-24 11:18:56,459 INFO  [main] org.apache.catalina.core.ContainerBase.[Tomcat].[localhost].[/] : Initializing Spring embedded WebApplicationContext
2021-10-24 11:18:56,460 INFO  [main] org.springframework.boot.web.servlet.context.ServletWebServerApplicationContext : Root WebApplicationContext: initialization completed in 1085 ms
2021-10-24 11:18:56,775 INFO  [main] com.zaxxer.hikari.HikariDataSource : HikariPool-1 - Starting...
2021-10-24 11:18:56,851 INFO  [main] com.zaxxer.hikari.HikariDataSource : HikariPool-1 - Start completed.
2021-10-24 11:18:57,018 INFO  [main] org.springframework.orm.jpa.LocalContainerEntityManagerFactoryBean : Initialized JPA EntityManagerFactory for persistence unit 'default'
2021-10-24 11:18:57,084 WARN  [main] org.springframework.boot.autoconfigure.orm.jpa.JpaBaseConfiguration$JpaWebConfiguration : spring.jpa.open-in-view is enabled by default. Therefore, database queries may be performed during view rendering. Explicitly configure spring.jpa.open-in-view to disable this warning
2021-10-24 11:18:57,166 INFO  [main] org.springframework.scheduling.concurrent.ThreadPoolTaskExecutor : Initializing ExecutorService 'applicationTaskExecutor'
2021-10-24 11:18:57,325 INFO  [main] org.springframework.boot.web.embedded.tomcat.TomcatWebServer : Tomcat started on port(s): 6061 (http) with context path ''
2021-10-24 11:18:57,334 INFO  [main] com.nekromant.notification.ZooNotificationApplication : Started ZooNotificationApplication in 2.458 seconds (JVM running for 3.073)
2021-10-24 11:19:01,105 INFO  [http-nio-127.0.0.1-6061-exec-1] org.apache.catalina.core.ContainerBase.[Tomcat].[localhost].[/] : Initializing Spring DispatcherServlet 'dispatcherServlet'
2021-10-24 11:20:37,500 INFO  [main] com.nekromant.notification.ZooNotificationApplication : Starting ZooNotificationApplication using Java 15 on DESKTOP-CH92BC2 with PID 10176 (C:\Users\Пользователь\OneDrive\Рабочий стол\hzcode\project\zoo-notification\target\classes started by Пользователь in C:\Users\Пользователь\OneDrive\Рабочий стол\hzcode\project\zoo-notification)
2021-10-24 11:20:37,504 INFO  [main] com.nekromant.notification.ZooNotificationApplication : The following profiles are active: dev
2021-10-24 11:20:38,203 INFO  [main] org.springframework.data.repository.config.RepositoryConfigurationDelegate : Bootstrapping Spring Data JPA repositories in DEFAULT mode.
2021-10-24 11:20:38,217 INFO  [main] org.springframework.data.repository.config.RepositoryConfigurationDelegate : Finished Spring Data repository scanning in 7 ms. Found 0 JPA repository interfaces.
2021-10-24 11:20:38,597 INFO  [main] org.springframework.boot.web.embedded.tomcat.TomcatWebServer : Tomcat initialized with port(s): 6061 (http)
2021-10-24 11:20:38,605 INFO  [main] org.apache.catalina.core.StandardService : Starting service [Tomcat]
2021-10-24 11:20:38,606 INFO  [main] org.apache.catalina.core.StandardEngine : Starting Servlet engine: [Apache Tomcat/9.0.45]
2021-10-24 11:20:38,753 INFO  [main] org.apache.catalina.core.ContainerBase.[Tomcat].[localhost].[/] : Initializing Spring embedded WebApplicationContext
2021-10-24 11:20:38,753 INFO  [main] org.springframework.boot.web.servlet.context.ServletWebServerApplicationContext : Root WebApplicationContext: initialization completed in 1174 ms
2021-10-24 11:20:39,071 INFO  [main] com.zaxxer.hikari.HikariDataSource : HikariPool-1 - Starting...
2021-10-24 11:20:39,146 INFO  [main] com.zaxxer.hikari.HikariDataSource : HikariPool-1 - Start completed.
2021-10-24 11:20:39,311 INFO  [main] org.springframework.orm.jpa.LocalContainerEntityManagerFactoryBean : Initialized JPA EntityManagerFactory for persistence unit 'default'
2021-10-24 11:20:39,379 WARN  [main] org.springframework.boot.autoconfigure.orm.jpa.JpaBaseConfiguration$JpaWebConfiguration : spring.jpa.open-in-view is enabled by default. Therefore, database queries may be performed during view rendering. Explicitly configure spring.jpa.open-in-view to disable this warning
2021-10-24 11:20:39,458 INFO  [main] org.springframework.scheduling.concurrent.ThreadPoolTaskExecutor : Initializing ExecutorService 'applicationTaskExecutor'
2021-10-24 11:20:39,615 INFO  [main] org.springframework.boot.web.embedded.tomcat.TomcatWebServer : Tomcat started on port(s): 6061 (http) with context path ''
2021-10-24 11:20:39,625 INFO  [main] com.nekromant.notification.ZooNotificationApplication : Started ZooNotificationApplication in 2.631 seconds (JVM running for 3.37)
2021-10-24 11:20:44,153 INFO  [http-nio-127.0.0.1-6061-exec-1] org.apache.catalina.core.ContainerBase.[Tomcat].[localhost].[/] : Initializing Spring DispatcherServlet 'dispatcherServlet'
2021-10-24 11:21:54,738 INFO  [http-nio-127.0.0.1-6061-exec-3] com.nekromant.notification.service.mock.SMSCServiceMock : Сообщение с текстом:'text' было успешно отправлено на номер cemennnnnnnnn@gmail.com
2021-10-24 11:26:04,203 INFO  [main] com.nekromant.notification.ZooNotificationApplication : Starting ZooNotificationApplication using Java 15 on DESKTOP-CH92BC2 with PID 12788 (C:\Users\Пользователь\OneDrive\Рабочий стол\hzcode\project\zoo-notification\target\classes started by Пользователь in C:\Users\Пользователь\OneDrive\Рабочий стол\hzcode\project\zoo-notification)
2021-10-24 11:26:04,209 INFO  [main] com.nekromant.notification.ZooNotificationApplication : The following profiles are active: dev
2021-10-24 11:26:06,263 INFO  [main] org.springframework.data.repository.config.RepositoryConfigurationDelegate : Bootstrapping Spring Data JPA repositories in DEFAULT mode.
2021-10-24 11:26:06,293 INFO  [main] org.springframework.data.repository.config.RepositoryConfigurationDelegate : Finished Spring Data repository scanning in 14 ms. Found 0 JPA repository interfaces.
2021-10-24 11:26:07,193 INFO  [main] org.springframework.boot.web.embedded.tomcat.TomcatWebServer : Tomcat initialized with port(s): 6061 (http)
2021-10-24 11:26:07,205 INFO  [main] org.apache.catalina.core.StandardService : Starting service [Tomcat]
2021-10-24 11:26:07,206 INFO  [main] org.apache.catalina.core.StandardEngine : Starting Servlet engine: [Apache Tomcat/9.0.45]
2021-10-24 11:26:07,427 INFO  [main] org.apache.catalina.core.ContainerBase.[Tomcat].[localhost].[/] : Initializing Spring embedded WebApplicationContext
2021-10-24 11:26:07,427 INFO  [main] org.springframework.boot.web.servlet.context.ServletWebServerApplicationContext : Root WebApplicationContext: initialization completed in 3110 ms
2021-10-24 11:26:08,037 INFO  [main] com.zaxxer.hikari.HikariDataSource : HikariPool-1 - Starting...
2021-10-24 11:26:08,160 INFO  [main] com.zaxxer.hikari.HikariDataSource : HikariPool-1 - Start completed.
2021-10-24 11:26:08,362 INFO  [main] org.springframework.orm.jpa.LocalContainerEntityManagerFactoryBean : Initialized JPA EntityManagerFactory for persistence unit 'default'
2021-10-24 11:26:08,479 WARN  [main] org.springframework.boot.autoconfigure.orm.jpa.JpaBaseConfiguration$JpaWebConfiguration : spring.jpa.open-in-view is enabled by default. Therefore, database queries may be performed during view rendering. Explicitly configure spring.jpa.open-in-view to disable this warning
2021-10-24 11:26:08,664 INFO  [main] org.springframework.scheduling.concurrent.ThreadPoolTaskExecutor : Initializing ExecutorService 'applicationTaskExecutor'
2021-10-24 11:26:09,019 INFO  [main] org.springframework.boot.web.embedded.tomcat.TomcatWebServer : Tomcat started on port(s): 6061 (http) with context path ''
2021-10-24 11:26:09,042 INFO  [main] com.nekromant.notification.ZooNotificationApplication : Started ZooNotificationApplication in 5.719 seconds (JVM running for 7.127)
2021-10-24 14:06:38,625 INFO  [http-nio-127.0.0.1-6061-exec-1] org.apache.catalina.core.ContainerBase.[Tomcat].[localhost].[/] : Initializing Spring DispatcherServlet 'dispatcherServlet'
2021-10-24 14:06:39,093 INFO  [http-nio-127.0.0.1-6061-exec-1] com.nekromant.notification.service.mock.SMSCServiceMock : Сообщение с текстом:'sdfg' было успешно отправлено на номер 0@mail.ru
2021-10-24 14:06:42,723 INFO  [http-nio-127.0.0.1-6061-exec-2] com.nekromant.notification.service.mock.SMSCServiceMock : Сообщение с текстом:'sdfg' было успешно отправлено на номер 1@mail.ru
2021-10-24 14:06:43,666 INFO  [http-nio-127.0.0.1-6061-exec-3] com.nekromant.notification.service.mock.SMSCServiceMock : Сообщение с текстом:'sdfg' было успешно отправлено на номер qwe@mail.ru
2021-10-24 14:08:06,597 INFO  [http-nio-127.0.0.1-6061-exec-5] com.nekromant.notification.service.mock.SMSCServiceMock : Сообщение с текстом:'sdfg' было успешно отправлено на номер 0@mail.ru
2021-10-24 14:19:31,044 INFO  [main] com.nekromant.notification.ZooNotificationApplication : Starting ZooNotificationApplication using Java 15 on DESKTOP-CH92BC2 with PID 8328 (C:\Users\Пользователь\OneDrive\Рабочий стол\hzcode\project\zoo-notification\target\classes started by Пользователь in C:\Users\Пользователь\OneDrive\Рабочий стол\hzcode\project\zoo-notification)
2021-10-24 14:19:31,047 INFO  [main] com.nekromant.notification.ZooNotificationApplication : The following profiles are active: dev
2021-10-24 14:19:31,809 INFO  [main] org.springframework.data.repository.config.RepositoryConfigurationDelegate : Bootstrapping Spring Data JPA repositories in DEFAULT mode.
2021-10-24 14:19:31,827 INFO  [main] org.springframework.data.repository.config.RepositoryConfigurationDelegate : Finished Spring Data repository scanning in 8 ms. Found 0 JPA repository interfaces.
2021-10-24 14:19:32,365 INFO  [main] org.springframework.boot.web.embedded.tomcat.TomcatWebServer : Tomcat initialized with port(s): 6061 (http)
2021-10-24 14:19:32,374 INFO  [main] org.apache.catalina.core.StandardService : Starting service [Tomcat]
2021-10-24 14:19:32,374 INFO  [main] org.apache.catalina.core.StandardEngine : Starting Servlet engine: [Apache Tomcat/9.0.45]
2021-10-24 14:19:32,515 INFO  [main] org.apache.catalina.core.ContainerBase.[Tomcat].[localhost].[/] : Initializing Spring embedded WebApplicationContext
2021-10-24 14:19:32,516 INFO  [main] org.springframework.boot.web.servlet.context.ServletWebServerApplicationContext : Root WebApplicationContext: initialization completed in 1392 ms
2021-10-24 14:19:32,974 INFO  [main] com.zaxxer.hikari.HikariDataSource : HikariPool-1 - Starting...
2021-10-24 14:19:33,074 INFO  [main] com.zaxxer.hikari.HikariDataSource : HikariPool-1 - Start completed.
2021-10-24 14:19:33,268 INFO  [main] org.springframework.orm.jpa.LocalContainerEntityManagerFactoryBean : Initialized JPA EntityManagerFactory for persistence unit 'default'
2021-10-24 14:19:33,344 WARN  [main] org.springframework.boot.autoconfigure.orm.jpa.JpaBaseConfiguration$JpaWebConfiguration : spring.jpa.open-in-view is enabled by default. Therefore, database queries may be performed during view rendering. Explicitly configure spring.jpa.open-in-view to disable this warning
2021-10-24 14:19:33,441 INFO  [main] org.springframework.scheduling.concurrent.ThreadPoolTaskExecutor : Initializing ExecutorService 'applicationTaskExecutor'
2021-10-24 14:19:33,665 INFO  [main] org.springframework.boot.web.embedded.tomcat.TomcatWebServer : Tomcat started on port(s): 6061 (http) with context path ''
2021-10-24 14:19:33,679 INFO  [main] com.nekromant.notification.ZooNotificationApplication : Started ZooNotificationApplication in 3.672 seconds (JVM running for 5.332)
2021-10-24 14:19:36,403 INFO  [http-nio-127.0.0.1-6061-exec-1] org.apache.catalina.core.ContainerBase.[Tomcat].[localhost].[/] : Initializing Spring DispatcherServlet 'dispatcherServlet'
2021-10-24 14:19:36,659 INFO  [http-nio-127.0.0.1-6061-exec-1] com.nekromant.notification.service.mock.SMSCServiceMock : Сообщение с текстом:'sdfg' было успешно отправлено на номер 1@mail.ru
2021-10-24 14:19:55,229 INFO  [main] com.nekromant.notification.ZooNotificationApplication : Starting ZooNotificationApplication using Java 15 on DESKTOP-CH92BC2 with PID 7852 (C:\Users\Пользователь\OneDrive\Рабочий стол\hzcode\project\zoo-notification\target\classes started by Пользователь in C:\Users\Пользователь\OneDrive\Рабочий стол\hzcode\project\zoo-notification)
2021-10-24 14:19:55,242 INFO  [main] com.nekromant.notification.ZooNotificationApplication : The following profiles are active: dev
2021-10-24 14:19:56,737 INFO  [main] org.springframework.data.repository.config.RepositoryConfigurationDelegate : Bootstrapping Spring Data JPA repositories in DEFAULT mode.
2021-10-24 14:19:56,764 INFO  [main] org.springframework.data.repository.config.RepositoryConfigurationDelegate : Finished Spring Data repository scanning in 13 ms. Found 0 JPA repository interfaces.
2021-10-24 14:19:57,389 INFO  [main] org.springframework.boot.web.embedded.tomcat.TomcatWebServer : Tomcat initialized with port(s): 6061 (http)
2021-10-24 14:19:57,400 INFO  [main] org.apache.catalina.core.StandardService : Starting service [Tomcat]
2021-10-24 14:19:57,400 INFO  [main] org.apache.catalina.core.StandardEngine : Starting Servlet engine: [Apache Tomcat/9.0.45]
2021-10-24 14:19:57,551 INFO  [main] org.apache.catalina.core.ContainerBase.[Tomcat].[localhost].[/] : Initializing Spring embedded WebApplicationContext
2021-10-24 14:19:57,552 INFO  [main] org.springframework.boot.web.servlet.context.ServletWebServerApplicationContext : Root WebApplicationContext: initialization completed in 2182 ms
2021-10-24 14:19:58,340 INFO  [main] com.zaxxer.hikari.HikariDataSource : HikariPool-1 - Starting...
2021-10-24 14:19:58,488 INFO  [main] com.zaxxer.hikari.HikariDataSource : HikariPool-1 - Start completed.
2021-10-24 14:19:58,973 INFO  [main] org.springframework.orm.jpa.LocalContainerEntityManagerFactoryBean : Initialized JPA EntityManagerFactory for persistence unit 'default'
2021-10-24 14:19:59,242 WARN  [main] org.springframework.boot.autoconfigure.orm.jpa.JpaBaseConfiguration$JpaWebConfiguration : spring.jpa.open-in-view is enabled by default. Therefore, database queries may be performed during view rendering. Explicitly configure spring.jpa.open-in-view to disable this warning
2021-10-24 14:19:59,434 INFO  [main] org.springframework.scheduling.concurrent.ThreadPoolTaskExecutor : Initializing ExecutorService 'applicationTaskExecutor'
2021-10-24 14:19:59,682 INFO  [main] org.springframework.boot.web.embedded.tomcat.TomcatWebServer : Tomcat started on port(s): 6061 (http) with context path ''
2021-10-24 14:19:59,694 INFO  [main] com.nekromant.notification.ZooNotificationApplication : Started ZooNotificationApplication in 5.517 seconds (JVM running for 7.018)
2021-10-24 14:21:18,241 INFO  [http-nio-127.0.0.1-6061-exec-1] org.apache.catalina.core.ContainerBase.[Tomcat].[localhost].[/] : Initializing Spring DispatcherServlet 'dispatcherServlet'
2021-10-24 14:21:32,589 INFO  [http-nio-127.0.0.1-6061-exec-2] com.nekromant.notification.service.mock.SMSCServiceMock : Сообщение с текстом:'asdfsadf' было успешно отправлено на номер 1@mail.ru
2021-10-24 14:21:38,733 INFO  [http-nio-127.0.0.1-6061-exec-3] com.nekromant.notification.service.mock.SMSCServiceMock : Сообщение с текстом:'asdfsadf' было успешно отправлено на номер qwe@mail.ru
2021-10-24 14:22:39,848 INFO  [http-nio-127.0.0.1-6061-exec-6] com.nekromant.notification.service.mock.SMSCServiceMock : Сообщение с текстом:'asdf' было успешно отправлено на номер 1@mail.ru
2021-10-24 14:22:39,852 INFO  [http-nio-127.0.0.1-6061-exec-7] com.nekromant.notification.service.mock.SMSCServiceMock : Сообщение с текстом:'asdf' было успешно отправлено на номер qwe@mail.ru
2021-10-24 14:25:13,159 INFO  [main] com.nekromant.notification.ZooNotificationApplication : Starting ZooNotificationApplication using Java 15 on DESKTOP-CH92BC2 with PID 8064 (C:\Users\Пользователь\OneDrive\Рабочий стол\hzcode\project\zoo-notification\target\classes started by Пользователь in C:\Users\Пользователь\OneDrive\Рабочий стол\hzcode\project\zoo-notification)
2021-10-24 14:25:13,165 INFO  [main] com.nekromant.notification.ZooNotificationApplication : The following profiles are active: dev
2021-10-24 14:25:13,943 INFO  [main] org.springframework.data.repository.config.RepositoryConfigurationDelegate : Bootstrapping Spring Data JPA repositories in DEFAULT mode.
2021-10-24 14:25:13,960 INFO  [main] org.springframework.data.repository.config.RepositoryConfigurationDelegate : Finished Spring Data repository scanning in 9 ms. Found 0 JPA repository interfaces.
2021-10-24 14:25:14,359 INFO  [main] org.springframework.boot.web.embedded.tomcat.TomcatWebServer : Tomcat initialized with port(s): 6061 (http)
2021-10-24 14:25:14,368 INFO  [main] org.apache.catalina.core.StandardService : Starting service [Tomcat]
2021-10-24 14:25:14,368 INFO  [main] org.apache.catalina.core.StandardEngine : Starting Servlet engine: [Apache Tomcat/9.0.45]
2021-10-24 14:25:14,513 INFO  [main] org.apache.catalina.core.ContainerBase.[Tomcat].[localhost].[/] : Initializing Spring embedded WebApplicationContext
2021-10-24 14:25:14,514 INFO  [main] org.springframework.boot.web.servlet.context.ServletWebServerApplicationContext : Root WebApplicationContext: initialization completed in 1251 ms
2021-10-24 14:25:14,892 INFO  [main] com.zaxxer.hikari.HikariDataSource : HikariPool-1 - Starting...
2021-10-24 14:25:14,970 INFO  [main] com.zaxxer.hikari.HikariDataSource : HikariPool-1 - Start completed.
2021-10-24 14:25:15,146 INFO  [main] org.springframework.orm.jpa.LocalContainerEntityManagerFactoryBean : Initialized JPA EntityManagerFactory for persistence unit 'default'
2021-10-24 14:25:15,220 WARN  [main] org.springframework.boot.autoconfigure.orm.jpa.JpaBaseConfiguration$JpaWebConfiguration : spring.jpa.open-in-view is enabled by default. Therefore, database queries may be performed during view rendering. Explicitly configure spring.jpa.open-in-view to disable this warning
2021-10-24 14:25:15,305 INFO  [main] org.springframework.scheduling.concurrent.ThreadPoolTaskExecutor : Initializing ExecutorService 'applicationTaskExecutor'
2021-10-24 14:25:15,492 INFO  [main] org.springframework.boot.web.embedded.tomcat.TomcatWebServer : Tomcat started on port(s): 6061 (http) with context path ''
2021-10-24 14:25:15,502 INFO  [main] com.nekromant.notification.ZooNotificationApplication : Started ZooNotificationApplication in 2.969 seconds (JVM running for 3.772)
2021-10-24 14:26:03,149 INFO  [http-nio-127.0.0.1-6061-exec-1] org.apache.catalina.core.ContainerBase.[Tomcat].[localhost].[/] : Initializing Spring DispatcherServlet 'dispatcherServlet'
2021-10-24 14:26:10,170 INFO  [http-nio-127.0.0.1-6061-exec-2] com.nekromant.notification.service.mock.SMSCServiceMock : Сообщение с текстом:'sdgf' было успешно отправлено на номер 1@mail.ru
2021-10-24 14:26:12,175 INFO  [http-nio-127.0.0.1-6061-exec-3] com.nekromant.notification.service.mock.SMSCServiceMock : Сообщение с текстом:'sdgf' было успешно отправлено на номер qwe@mail.ru
2021-10-24 14:28:10,346 INFO  [main] com.nekromant.notification.ZooNotificationApplication : Starting ZooNotificationApplication using Java 15 on DESKTOP-CH92BC2 with PID 11880 (C:\Users\Пользователь\OneDrive\Рабочий стол\hzcode\project\zoo-notification\target\classes started by Пользователь in C:\Users\Пользователь\OneDrive\Рабочий стол\hzcode\project\zoo-notification)
2021-10-24 14:28:10,350 INFO  [main] com.nekromant.notification.ZooNotificationApplication : The following profiles are active: dev
2021-10-24 14:28:11,097 INFO  [main] org.springframework.data.repository.config.RepositoryConfigurationDelegate : Bootstrapping Spring Data JPA repositories in DEFAULT mode.
2021-10-24 14:28:11,114 INFO  [main] org.springframework.data.repository.config.RepositoryConfigurationDelegate : Finished Spring Data repository scanning in 9 ms. Found 0 JPA repository interfaces.
2021-10-24 14:28:11,605 INFO  [main] org.springframework.boot.web.embedded.tomcat.TomcatWebServer : Tomcat initialized with port(s): 6061 (http)
2021-10-24 14:28:11,612 INFO  [main] org.apache.catalina.core.StandardService : Starting service [Tomcat]
2021-10-24 14:28:11,613 INFO  [main] org.apache.catalina.core.StandardEngine : Starting Servlet engine: [Apache Tomcat/9.0.45]
2021-10-24 14:28:11,736 INFO  [main] org.apache.catalina.core.ContainerBase.[Tomcat].[localhost].[/] : Initializing Spring embedded WebApplicationContext
2021-10-24 14:28:11,736 INFO  [main] org.springframework.boot.web.servlet.context.ServletWebServerApplicationContext : Root WebApplicationContext: initialization completed in 1305 ms
2021-10-24 14:28:12,062 INFO  [main] com.zaxxer.hikari.HikariDataSource : HikariPool-1 - Starting...
2021-10-24 14:28:12,140 INFO  [main] com.zaxxer.hikari.HikariDataSource : HikariPool-1 - Start completed.
2021-10-24 14:28:12,326 INFO  [main] org.springframework.orm.jpa.LocalContainerEntityManagerFactoryBean : Initialized JPA EntityManagerFactory for persistence unit 'default'
2021-10-24 14:28:12,406 WARN  [main] org.springframework.boot.autoconfigure.orm.jpa.JpaBaseConfiguration$JpaWebConfiguration : spring.jpa.open-in-view is enabled by default. Therefore, database queries may be performed during view rendering. Explicitly configure spring.jpa.open-in-view to disable this warning
2021-10-24 14:28:12,494 INFO  [main] org.springframework.scheduling.concurrent.ThreadPoolTaskExecutor : Initializing ExecutorService 'applicationTaskExecutor'
2021-10-24 14:28:12,689 INFO  [main] org.springframework.boot.web.embedded.tomcat.TomcatWebServer : Tomcat started on port(s): 6061 (http) with context path ''
2021-10-24 14:28:12,701 INFO  [main] com.nekromant.notification.ZooNotificationApplication : Started ZooNotificationApplication in 2.881 seconds (JVM running for 3.829)
2021-10-24 14:29:05,768 INFO  [http-nio-127.0.0.1-6061-exec-1] org.apache.catalina.core.ContainerBase.[Tomcat].[localhost].[/] : Initializing Spring DispatcherServlet 'dispatcherServlet'
2021-10-24 14:29:05,899 INFO  [http-nio-127.0.0.1-6061-exec-1] com.nekromant.notification.service.mock.SMSCServiceMock : Сообщение с текстом:'ыфва' было успешно отправлено на номер 0@mail.ru
2021-10-24 14:29:12,914 INFO  [http-nio-127.0.0.1-6061-exec-2] com.nekromant.notification.service.mock.SMSCServiceMock : Сообщение с текстом:'ыфва' было успешно отправлено на номер 1@mail.ru
2021-10-24 14:29:41,811 INFO  [http-nio-127.0.0.1-6061-exec-3] com.nekromant.notification.service.mock.SMSCServiceMock : Сообщение с текстом:'ыфва' было успешно отправлено на номер qwe@mail.ru
2021-10-24 14:30:09,389 INFO  [main] com.nekromant.notification.ZooNotificationApplication : Starting ZooNotificationApplication using Java 15 on DESKTOP-CH92BC2 with PID 3692 (C:\Users\Пользователь\OneDrive\Рабочий стол\hzcode\project\zoo-notification\target\classes started by Пользователь in C:\Users\Пользователь\OneDrive\Рабочий стол\hzcode\project\zoo-notification)
2021-10-24 14:30:09,393 INFO  [main] com.nekromant.notification.ZooNotificationApplication : The following profiles are active: dev
2021-10-24 14:30:10,203 INFO  [main] org.springframework.data.repository.config.RepositoryConfigurationDelegate : Bootstrapping Spring Data JPA repositories in DEFAULT mode.
2021-10-24 14:30:10,222 INFO  [main] org.springframework.data.repository.config.RepositoryConfigurationDelegate : Finished Spring Data repository scanning in 9 ms. Found 0 JPA repository interfaces.
2021-10-24 14:30:10,918 INFO  [main] org.springframework.boot.web.embedded.tomcat.TomcatWebServer : Tomcat initialized with port(s): 6061 (http)
2021-10-24 14:30:10,928 INFO  [main] org.apache.catalina.core.StandardService : Starting service [Tomcat]
2021-10-24 14:30:10,928 INFO  [main] org.apache.catalina.core.StandardEngine : Starting Servlet engine: [Apache Tomcat/9.0.45]
2021-10-24 14:30:11,081 INFO  [main] org.apache.catalina.core.ContainerBase.[Tomcat].[localhost].[/] : Initializing Spring embedded WebApplicationContext
2021-10-24 14:30:11,081 INFO  [main] org.springframework.boot.web.servlet.context.ServletWebServerApplicationContext : Root WebApplicationContext: initialization completed in 1597 ms
2021-10-24 14:30:11,485 INFO  [main] com.zaxxer.hikari.HikariDataSource : HikariPool-1 - Starting...
2021-10-24 14:30:11,573 INFO  [main] com.zaxxer.hikari.HikariDataSource : HikariPool-1 - Start completed.
2021-10-24 14:30:11,831 INFO  [main] org.springframework.orm.jpa.LocalContainerEntityManagerFactoryBean : Initialized JPA EntityManagerFactory for persistence unit 'default'
2021-10-24 14:30:11,937 WARN  [main] org.springframework.boot.autoconfigure.orm.jpa.JpaBaseConfiguration$JpaWebConfiguration : spring.jpa.open-in-view is enabled by default. Therefore, database queries may be performed during view rendering. Explicitly configure spring.jpa.open-in-view to disable this warning
2021-10-24 14:30:12,052 INFO  [main] org.springframework.scheduling.concurrent.ThreadPoolTaskExecutor : Initializing ExecutorService 'applicationTaskExecutor'
2021-10-24 14:30:12,329 INFO  [main] org.springframework.boot.web.embedded.tomcat.TomcatWebServer : Tomcat started on port(s): 6061 (http) with context path ''
2021-10-24 14:30:12,342 INFO  [main] com.nekromant.notification.ZooNotificationApplication : Started ZooNotificationApplication in 3.58 seconds (JVM running for 4.654)
2021-10-24 14:30:22,953 INFO  [http-nio-127.0.0.1-6061-exec-1] org.apache.catalina.core.ContainerBase.[Tomcat].[localhost].[/] : Initializing Spring DispatcherServlet 'dispatcherServlet'
2021-10-24 14:31:53,384 INFO  [main] com.nekromant.notification.ZooNotificationApplication : Starting ZooNotificationApplication using Java 15 on DESKTOP-CH92BC2 with PID 15892 (C:\Users\Пользователь\OneDrive\Рабочий стол\hzcode\project\zoo-notification\target\classes started by Пользователь in C:\Users\Пользователь\OneDrive\Рабочий стол\hzcode\project\zoo-notification)
2021-10-24 14:31:53,389 INFO  [main] com.nekromant.notification.ZooNotificationApplication : The following profiles are active: dev
2021-10-24 14:31:54,195 INFO  [main] org.springframework.data.repository.config.RepositoryConfigurationDelegate : Bootstrapping Spring Data JPA repositories in DEFAULT mode.
2021-10-24 14:31:54,210 INFO  [main] org.springframework.data.repository.config.RepositoryConfigurationDelegate : Finished Spring Data repository scanning in 8 ms. Found 0 JPA repository interfaces.
2021-10-24 14:31:54,622 INFO  [main] org.springframework.boot.web.embedded.tomcat.TomcatWebServer : Tomcat initialized with port(s): 6061 (http)
2021-10-24 14:31:54,630 INFO  [main] org.apache.catalina.core.StandardService : Starting service [Tomcat]
2021-10-24 14:31:54,630 INFO  [main] org.apache.catalina.core.StandardEngine : Starting Servlet engine: [Apache Tomcat/9.0.45]
2021-10-24 14:31:54,757 INFO  [main] org.apache.catalina.core.ContainerBase.[Tomcat].[localhost].[/] : Initializing Spring embedded WebApplicationContext
2021-10-24 14:31:54,758 INFO  [main] org.springframework.boot.web.servlet.context.ServletWebServerApplicationContext : Root WebApplicationContext: initialization completed in 1265 ms
2021-10-24 14:31:55,102 INFO  [main] com.zaxxer.hikari.HikariDataSource : HikariPool-1 - Starting...
2021-10-24 14:31:55,182 INFO  [main] com.zaxxer.hikari.HikariDataSource : HikariPool-1 - Start completed.
2021-10-24 14:31:55,355 INFO  [main] org.springframework.orm.jpa.LocalContainerEntityManagerFactoryBean : Initialized JPA EntityManagerFactory for persistence unit 'default'
2021-10-24 14:31:55,427 WARN  [main] org.springframework.boot.autoconfigure.orm.jpa.JpaBaseConfiguration$JpaWebConfiguration : spring.jpa.open-in-view is enabled by default. Therefore, database queries may be performed during view rendering. Explicitly configure spring.jpa.open-in-view to disable this warning
2021-10-24 14:31:55,513 INFO  [main] org.springframework.scheduling.concurrent.ThreadPoolTaskExecutor : Initializing ExecutorService 'applicationTaskExecutor'
2021-10-24 14:31:55,688 INFO  [main] org.springframework.boot.web.embedded.tomcat.TomcatWebServer : Tomcat started on port(s): 6061 (http) with context path ''
2021-10-24 14:31:55,697 INFO  [main] com.nekromant.notification.ZooNotificationApplication : Started ZooNotificationApplication in 3.004 seconds (JVM running for 3.838)
2021-10-24 14:32:00,587 INFO  [http-nio-127.0.0.1-6061-exec-1] org.apache.catalina.core.ContainerBase.[Tomcat].[localhost].[/] : Initializing Spring DispatcherServlet 'dispatcherServlet'
2021-10-24 14:32:00,767 INFO  [http-nio-127.0.0.1-6061-exec-1] com.nekromant.notification.service.mock.SMSCServiceMock : Сообщение с текстом:'sadf' было успешно отправлено на номер 0@mail.ru
2021-10-24 14:32:01,788 INFO  [http-nio-127.0.0.1-6061-exec-3] com.nekromant.notification.service.mock.SMSCServiceMock : Сообщение с текстом:'sadf' было успешно отправлено на номер 1@mail.ru
2021-10-24 14:32:02,801 INFO  [http-nio-127.0.0.1-6061-exec-4] com.nekromant.notification.service.mock.SMSCServiceMock : Сообщение с текстом:'sadf' было успешно отправлено на номер qwe@mail.ru
2021-10-24 14:33:07,347 INFO  [main] com.nekromant.notification.ZooNotificationApplication : Starting ZooNotificationApplication using Java 15 on DESKTOP-CH92BC2 with PID 8632 (C:\Users\Пользователь\OneDrive\Рабочий стол\hzcode\project\zoo-notification\target\classes started by Пользователь in C:\Users\Пользователь\OneDrive\Рабочий стол\hzcode\project\zoo-notification)
2021-10-24 14:33:07,350 INFO  [main] com.nekromant.notification.ZooNotificationApplication : The following profiles are active: dev
2021-10-24 14:33:08,053 INFO  [main] org.springframework.data.repository.config.RepositoryConfigurationDelegate : Bootstrapping Spring Data JPA repositories in DEFAULT mode.
2021-10-24 14:33:08,067 INFO  [main] org.springframework.data.repository.config.RepositoryConfigurationDelegate : Finished Spring Data repository scanning in 7 ms. Found 0 JPA repository interfaces.
2021-10-24 14:33:08,486 INFO  [main] org.springframework.boot.web.embedded.tomcat.TomcatWebServer : Tomcat initialized with port(s): 6061 (http)
2021-10-24 14:33:08,494 INFO  [main] org.apache.catalina.core.StandardService : Starting service [Tomcat]
2021-10-24 14:33:08,494 INFO  [main] org.apache.catalina.core.StandardEngine : Starting Servlet engine: [Apache Tomcat/9.0.45]
2021-10-24 14:33:08,614 INFO  [main] org.apache.catalina.core.ContainerBase.[Tomcat].[localhost].[/] : Initializing Spring embedded WebApplicationContext
2021-10-24 14:33:08,615 INFO  [main] org.springframework.boot.web.servlet.context.ServletWebServerApplicationContext : Root WebApplicationContext: initialization completed in 1200 ms
2021-10-24 14:33:08,955 INFO  [main] com.zaxxer.hikari.HikariDataSource : HikariPool-1 - Starting...
2021-10-24 14:33:09,037 INFO  [main] com.zaxxer.hikari.HikariDataSource : HikariPool-1 - Start completed.
2021-10-24 14:33:09,221 INFO  [main] org.springframework.orm.jpa.LocalContainerEntityManagerFactoryBean : Initialized JPA EntityManagerFactory for persistence unit 'default'
2021-10-24 14:33:09,293 WARN  [main] org.springframework.boot.autoconfigure.orm.jpa.JpaBaseConfiguration$JpaWebConfiguration : spring.jpa.open-in-view is enabled by default. Therefore, database queries may be performed during view rendering. Explicitly configure spring.jpa.open-in-view to disable this warning
2021-10-24 14:33:09,378 INFO  [main] org.springframework.scheduling.concurrent.ThreadPoolTaskExecutor : Initializing ExecutorService 'applicationTaskExecutor'
2021-10-24 14:33:09,563 INFO  [main] org.springframework.boot.web.embedded.tomcat.TomcatWebServer : Tomcat started on port(s): 6061 (http) with context path ''
2021-10-24 14:33:09,578 INFO  [main] com.nekromant.notification.ZooNotificationApplication : Started ZooNotificationApplication in 2.726 seconds (JVM running for 3.595)
2021-10-24 14:33:13,921 INFO  [http-nio-127.0.0.1-6061-exec-1] org.apache.catalina.core.ContainerBase.[Tomcat].[localhost].[/] : Initializing Spring DispatcherServlet 'dispatcherServlet'
2021-10-24 14:33:14,119 INFO  [http-nio-127.0.0.1-6061-exec-1] com.nekromant.notification.service.mock.SMSCServiceMock : Сообщение с текстом:'sadf' было успешно отправлено на номер 0@mail.ru
2021-10-24 14:33:15,191 INFO  [http-nio-127.0.0.1-6061-exec-3] com.nekromant.notification.service.mock.SMSCServiceMock : Сообщение с текстом:'sadf' было успешно отправлено на номер qwe@mail.ru
2021-10-24 14:33:40,068 INFO  [http-nio-127.0.0.1-6061-exec-5] com.nekromant.notification.service.mock.SMSCServiceMock : Сообщение с текстом:'sadf' было успешно отправлено на номер 0@mail.ru
2021-10-24 14:33:41,089 INFO  [http-nio-127.0.0.1-6061-exec-7] com.nekromant.notification.service.mock.SMSCServiceMock : Сообщение с текстом:'sadf' было успешно отправлено на номер qwe@mail.ru
2021-10-24 14:44:22,138 INFO  [main] com.nekromant.notification.ZooNotificationApplication : Starting ZooNotificationApplication using Java 15 on DESKTOP-CH92BC2 with PID 8832 (C:\Users\Пользователь\OneDrive\Рабочий стол\hzcode\project\zoo-notification\target\classes started by Пользователь in C:\Users\Пользователь\OneDrive\Рабочий стол\hzcode\project\zoo-notification)
2021-10-24 14:44:22,141 INFO  [main] com.nekromant.notification.ZooNotificationApplication : The following profiles are active: dev
2021-10-24 14:44:22,865 INFO  [main] org.springframework.data.repository.config.RepositoryConfigurationDelegate : Bootstrapping Spring Data JPA repositories in DEFAULT mode.
2021-10-24 14:44:22,880 INFO  [main] org.springframework.data.repository.config.RepositoryConfigurationDelegate : Finished Spring Data repository scanning in 7 ms. Found 0 JPA repository interfaces.
2021-10-24 14:44:23,284 INFO  [main] org.springframework.boot.web.embedded.tomcat.TomcatWebServer : Tomcat initialized with port(s): 6061 (http)
2021-10-24 14:44:23,292 INFO  [main] org.apache.catalina.core.StandardService : Starting service [Tomcat]
2021-10-24 14:44:23,293 INFO  [main] org.apache.catalina.core.StandardEngine : Starting Servlet engine: [Apache Tomcat/9.0.45]
2021-10-24 14:44:23,417 INFO  [main] org.apache.catalina.core.ContainerBase.[Tomcat].[localhost].[/] : Initializing Spring embedded WebApplicationContext
2021-10-24 14:44:23,417 INFO  [main] org.springframework.boot.web.servlet.context.ServletWebServerApplicationContext : Root WebApplicationContext: initialization completed in 1207 ms
2021-10-24 14:44:23,805 INFO  [main] com.zaxxer.hikari.HikariDataSource : HikariPool-1 - Starting...
2021-10-24 14:44:23,887 INFO  [main] com.zaxxer.hikari.HikariDataSource : HikariPool-1 - Start completed.
2021-10-24 14:44:24,089 INFO  [main] org.springframework.orm.jpa.LocalContainerEntityManagerFactoryBean : Initialized JPA EntityManagerFactory for persistence unit 'default'
2021-10-24 14:44:24,166 WARN  [main] org.springframework.boot.autoconfigure.orm.jpa.JpaBaseConfiguration$JpaWebConfiguration : spring.jpa.open-in-view is enabled by default. Therefore, database queries may be performed during view rendering. Explicitly configure spring.jpa.open-in-view to disable this warning
2021-10-24 14:44:24,250 INFO  [main] org.springframework.scheduling.concurrent.ThreadPoolTaskExecutor : Initializing ExecutorService 'applicationTaskExecutor'
2021-10-24 14:44:24,418 INFO  [main] org.springframework.boot.web.embedded.tomcat.TomcatWebServer : Tomcat started on port(s): 6061 (http) with context path ''
2021-10-24 14:44:24,428 INFO  [main] com.nekromant.notification.ZooNotificationApplication : Started ZooNotificationApplication in 2.86 seconds (JVM running for 3.638)
2021-10-24 14:44:30,666 INFO  [http-nio-127.0.0.1-6061-exec-1] org.apache.catalina.core.ContainerBase.[Tomcat].[localhost].[/] : Initializing Spring DispatcherServlet 'dispatcherServlet'
2021-10-24 14:44:30,827 INFO  [http-nio-127.0.0.1-6061-exec-1] com.nekromant.notification.service.mock.SMSCServiceMock : Сообщение с текстом:'sadf' было успешно отправлено на номер 0@mail.ru
2021-10-24 14:44:31,868 INFO  [http-nio-127.0.0.1-6061-exec-2] com.nekromant.notification.service.mock.SMSCServiceMock : Сообщение с текстом:'sadf' было успешно отправлено на номер 1@mail.ru
2021-10-24 14:44:32,890 INFO  [http-nio-127.0.0.1-6061-exec-3] com.nekromant.notification.service.mock.SMSCServiceMock : Сообщение с текстом:'sadf' было успешно отправлено на номер qwe@mail.ru
2021-10-24 14:46:00,817 INFO  [http-nio-127.0.0.1-6061-exec-5] com.nekromant.notification.service.mock.EmailServiceMock : Сообщение с текстом:'asdf' и темой: 'asdf' было успешно отправлено на email 0@mail.ru
2021-10-24 14:46:01,845 INFO  [http-nio-127.0.0.1-6061-exec-6] com.nekromant.notification.service.mock.EmailServiceMock : Сообщение с текстом:'asdf' и темой: 'asdf' было успешно отправлено на email 1@mail.ru
2021-10-24 14:46:02,859 INFO  [http-nio-127.0.0.1-6061-exec-8] com.nekromant.notification.service.mock.EmailServiceMock : Сообщение с текстом:'asdf' и темой: 'asdf' было успешно отправлено на email qwe@mail.ru
2021-10-24 14:54:46,835 INFO  [http-nio-127.0.0.1-6061-exec-9] com.nekromant.notification.service.mock.EmailServiceMock : Сообщение с текстом:'sadfsadf' и темой: 'asdfsad' было успешно отправлено на email 0@mail.ru
2021-10-24 14:54:47,862 INFO  [http-nio-127.0.0.1-6061-exec-10] com.nekromant.notification.service.mock.EmailServiceMock : Сообщение с текстом:'sadfsadf' и темой: 'asdfsad' было успешно отправлено на email 1@mail.ru
2021-10-24 14:54:48,875 INFO  [http-nio-127.0.0.1-6061-exec-1] com.nekromant.notification.service.mock.EmailServiceMock : Сообщение с текстом:'sadfsadf' и темой: 'asdfsad' было успешно отправлено на email qwe@mail.ru
2021-10-24 14:56:30,865 INFO  [http-nio-127.0.0.1-6061-exec-3] com.nekromant.notification.service.mock.EmailServiceMock : Сообщение с текстом:'sadfsadf' и темой: 'asdfsad' было успешно отправлено на email 0@mail.ru
2021-10-24 14:56:31,885 INFO  [http-nio-127.0.0.1-6061-exec-4] com.nekromant.notification.service.mock.EmailServiceMock : Сообщение с текстом:'sadfsadf' и темой: 'asdfsad' было успешно отправлено на email 1@mail.ru
2021-10-24 14:56:32,891 INFO  [http-nio-127.0.0.1-6061-exec-5] com.nekromant.notification.service.mock.EmailServiceMock : Сообщение с текстом:'sadfsadf' и темой: 'asdfsad' было успешно отправлено на email qwe@mail.ru
2021-10-24 14:57:23,667 INFO  [http-nio-127.0.0.1-6061-exec-8] com.nekromant.notification.service.mock.EmailServiceMock : Сообщение с текстом:'sadf' и темой: 'asdf' было успешно отправлено на email 0@mail.ru
2021-10-24 14:57:24,688 INFO  [http-nio-127.0.0.1-6061-exec-7] com.nekromant.notification.service.mock.EmailServiceMock : Сообщение с текстом:'sadf' и темой: 'asdf' было успешно отправлено на email 1@mail.ru
2021-10-24 14:57:25,705 INFO  [http-nio-127.0.0.1-6061-exec-9] com.nekromant.notification.service.mock.EmailServiceMock : Сообщение с текстом:'sadf' и темой: 'asdf' было успешно отправлено на email qwe@mail.ru
2021-10-24 14:57:27,219 INFO  [http-nio-127.0.0.1-6061-exec-10] com.nekromant.notification.service.mock.EmailServiceMock : Сообщение с текстом:'sadf' и темой: 'asdf' было успешно отправлено на email 0@mail.ru
2021-10-24 14:57:28,231 INFO  [http-nio-127.0.0.1-6061-exec-1] com.nekromant.notification.service.mock.EmailServiceMock : Сообщение с текстом:'sadf' и темой: 'asdf' было успешно отправлено на email 1@mail.ru
2021-10-24 14:57:29,242 INFO  [http-nio-127.0.0.1-6061-exec-2] com.nekromant.notification.service.mock.EmailServiceMock : Сообщение с текстом:'sadf' и темой: 'asdf' было успешно отправлено на email qwe@mail.ru
2021-10-24 15:03:30,885 INFO  [http-nio-127.0.0.1-6061-exec-4] com.nekromant.notification.service.mock.EmailServiceMock : Сообщение с текстом:'asdf' и темой: 'asdf' было успешно отправлено на email 0@mail.ru
2021-10-24 15:03:31,907 INFO  [http-nio-127.0.0.1-6061-exec-5] com.nekromant.notification.service.mock.EmailServiceMock : Сообщение с текстом:'asdf' и темой: 'asdf' было успешно отправлено на email 1@mail.ru
2021-10-24 15:03:32,927 INFO  [http-nio-127.0.0.1-6061-exec-6] com.nekromant.notification.service.mock.EmailServiceMock : Сообщение с текстом:'asdf' и темой: 'asdf' было успешно отправлено на email qwe@mail.ru
2021-10-24 15:03:40,623 INFO  [main] com.nekromant.notification.ZooNotificationApplication : Starting ZooNotificationApplication using Java 15 on DESKTOP-CH92BC2 with PID 15972 (C:\Users\Пользователь\OneDrive\Рабочий стол\hzcode\project\zoo-notification\target\classes started by Пользователь in C:\Users\Пользователь\OneDrive\Рабочий стол\hzcode\project\zoo-notification)
2021-10-24 15:03:40,626 INFO  [main] com.nekromant.notification.ZooNotificationApplication : The following profiles are active: dev
2021-10-24 15:03:41,436 INFO  [main] org.springframework.data.repository.config.RepositoryConfigurationDelegate : Bootstrapping Spring Data JPA repositories in DEFAULT mode.
2021-10-24 15:03:41,455 INFO  [main] org.springframework.data.repository.config.RepositoryConfigurationDelegate : Finished Spring Data repository scanning in 10 ms. Found 0 JPA repository interfaces.
2021-10-24 15:03:41,871 INFO  [main] org.springframework.boot.web.embedded.tomcat.TomcatWebServer : Tomcat initialized with port(s): 6061 (http)
2021-10-24 15:03:41,881 INFO  [main] org.apache.catalina.core.StandardService : Starting service [Tomcat]
2021-10-24 15:03:41,882 INFO  [main] org.apache.catalina.core.StandardEngine : Starting Servlet engine: [Apache Tomcat/9.0.45]
2021-10-24 15:03:42,007 INFO  [main] org.apache.catalina.core.ContainerBase.[Tomcat].[localhost].[/] : Initializing Spring embedded WebApplicationContext
2021-10-24 15:03:42,007 INFO  [main] org.springframework.boot.web.servlet.context.ServletWebServerApplicationContext : Root WebApplicationContext: initialization completed in 1309 ms
2021-10-24 15:03:42,371 INFO  [main] com.zaxxer.hikari.HikariDataSource : HikariPool-1 - Starting...
2021-10-24 15:03:42,451 INFO  [main] com.zaxxer.hikari.HikariDataSource : HikariPool-1 - Start completed.
2021-10-24 15:03:42,636 INFO  [main] org.springframework.orm.jpa.LocalContainerEntityManagerFactoryBean : Initialized JPA EntityManagerFactory for persistence unit 'default'
2021-10-24 15:03:42,708 WARN  [main] org.springframework.boot.autoconfigure.orm.jpa.JpaBaseConfiguration$JpaWebConfiguration : spring.jpa.open-in-view is enabled by default. Therefore, database queries may be performed during view rendering. Explicitly configure spring.jpa.open-in-view to disable this warning
2021-10-24 15:03:42,796 INFO  [main] org.springframework.scheduling.concurrent.ThreadPoolTaskExecutor : Initializing ExecutorService 'applicationTaskExecutor'
2021-10-24 15:03:42,968 INFO  [main] org.springframework.boot.web.embedded.tomcat.TomcatWebServer : Tomcat started on port(s): 6061 (http) with context path ''
2021-10-24 15:03:42,980 INFO  [main] com.nekromant.notification.ZooNotificationApplication : Started ZooNotificationApplication in 3.042 seconds (JVM running for 4.013)
2021-10-24 15:03:46,076 INFO  [http-nio-127.0.0.1-6061-exec-1] org.apache.catalina.core.ContainerBase.[Tomcat].[localhost].[/] : Initializing Spring DispatcherServlet 'dispatcherServlet'
2021-10-24 15:03:46,191 INFO  [http-nio-127.0.0.1-6061-exec-1] com.nekromant.notification.service.mock.EmailServiceMock : Сообщение с текстом:'asdf' и темой: 'asdf' было успешно отправлено на email 0@mail.ru
2021-10-24 15:03:47,211 INFO  [http-nio-127.0.0.1-6061-exec-3] com.nekromant.notification.service.mock.EmailServiceMock : Сообщение с текстом:'asdf' и темой: 'asdf' было успешно отправлено на email 1@mail.ru
2021-10-24 15:03:48,229 INFO  [http-nio-127.0.0.1-6061-exec-2] com.nekromant.notification.service.mock.EmailServiceMock : Сообщение с текстом:'asdf' и темой: 'asdf' было успешно отправлено на email qwe@mail.ru
2021-10-24 15:03:54,208 INFO  [http-nio-127.0.0.1-6061-exec-4] com.nekromant.notification.service.mock.SMSCServiceMock : Сообщение с текстом:'asdf' было успешно отправлено на номер null
2021-10-24 15:03:55,217 INFO  [http-nio-127.0.0.1-6061-exec-7] com.nekromant.notification.service.mock.SMSCServiceMock : Сообщение с текстом:'asdf' было успешно отправлено на номер null
2021-10-24 15:03:56,234 INFO  [http-nio-127.0.0.1-6061-exec-6] com.nekromant.notification.service.mock.SMSCServiceMock : Сообщение с текстом:'asdf' было успешно отправлено на номер null
2021-10-24 15:04:20,915 INFO  [main] com.nekromant.notification.ZooNotificationApplication : Starting ZooNotificationApplication using Java 15 on DESKTOP-CH92BC2 with PID 12848 (C:\Users\Пользователь\OneDrive\Рабочий стол\hzcode\project\zoo-notification\target\classes started by Пользователь in C:\Users\Пользователь\OneDrive\Рабочий стол\hzcode\project\zoo-notification)
2021-10-24 15:04:20,919 INFO  [main] com.nekromant.notification.ZooNotificationApplication : The following profiles are active: dev
2021-10-24 15:04:21,645 INFO  [main] org.springframework.data.repository.config.RepositoryConfigurationDelegate : Bootstrapping Spring Data JPA repositories in DEFAULT mode.
2021-10-24 15:04:21,661 INFO  [main] org.springframework.data.repository.config.RepositoryConfigurationDelegate : Finished Spring Data repository scanning in 8 ms. Found 0 JPA repository interfaces.
2021-10-24 15:04:22,063 INFO  [main] org.springframework.boot.web.embedded.tomcat.TomcatWebServer : Tomcat initialized with port(s): 6061 (http)
2021-10-24 15:04:22,070 INFO  [main] org.apache.catalina.core.StandardService : Starting service [Tomcat]
2021-10-24 15:04:22,070 INFO  [main] org.apache.catalina.core.StandardEngine : Starting Servlet engine: [Apache Tomcat/9.0.45]
2021-10-24 15:04:22,197 INFO  [main] org.apache.catalina.core.ContainerBase.[Tomcat].[localhost].[/] : Initializing Spring embedded WebApplicationContext
2021-10-24 15:04:22,198 INFO  [main] org.springframework.boot.web.servlet.context.ServletWebServerApplicationContext : Root WebApplicationContext: initialization completed in 1201 ms
2021-10-24 15:04:22,529 INFO  [main] com.zaxxer.hikari.HikariDataSource : HikariPool-1 - Starting...
2021-10-24 15:04:22,612 INFO  [main] com.zaxxer.hikari.HikariDataSource : HikariPool-1 - Start completed.
2021-10-24 15:04:22,789 INFO  [main] org.springframework.orm.jpa.LocalContainerEntityManagerFactoryBean : Initialized JPA EntityManagerFactory for persistence unit 'default'
2021-10-24 15:04:22,860 WARN  [main] org.springframework.boot.autoconfigure.orm.jpa.JpaBaseConfiguration$JpaWebConfiguration : spring.jpa.open-in-view is enabled by default. Therefore, database queries may be performed during view rendering. Explicitly configure spring.jpa.open-in-view to disable this warning
2021-10-24 15:04:22,946 INFO  [main] org.springframework.scheduling.concurrent.ThreadPoolTaskExecutor : Initializing ExecutorService 'applicationTaskExecutor'
2021-10-24 15:04:23,118 INFO  [main] org.springframework.boot.web.embedded.tomcat.TomcatWebServer : Tomcat started on port(s): 6061 (http) with context path ''
2021-10-24 15:04:23,129 INFO  [main] com.nekromant.notification.ZooNotificationApplication : Started ZooNotificationApplication in 2.733 seconds (JVM running for 3.562)
2021-10-24 15:04:29,761 INFO  [http-nio-127.0.0.1-6061-exec-1] org.apache.catalina.core.ContainerBase.[Tomcat].[localhost].[/] : Initializing Spring DispatcherServlet 'dispatcherServlet'
